*** Using Compiler 'V5.06 update 7 (build 960)', folder: 'D:\Keil_v5\ARM\ARMCC\Bin'
Rebuild target 'product_class'
assembling startup_stm32f103xb.s...
compiling stm32f1xx_it.c...
compiling stm32f1xx_hal_msp.c...
compiling stm32f1xx_hal_gpio_ex.c...
compiling gpio.c...
compiling tim.c...
compiling main.c...
../Modules/Inc/ultra_sound.h(24): warning:  #1-D: last line of file ends without a newline
  #endif
../Core/Src/main.c: 1 warning, 0 errors
compiling stm32f1xx_hal_tim_ex.c...
compiling stm32f1xx_hal_tim.c...
compiling stm32f1xx_hal.c...
compiling stm32f1xx_hal_pwr.c...
compiling stm32f1xx_hal_rcc_ex.c...
compiling stm32f1xx_hal_cortex.c...
compiling stm32f1xx_hal_gpio.c...
compiling stm32f1xx_hal_dma.c...
compiling stm32f1xx_hal_flash.c...
compiling stm32f1xx_hal_rcc.c...
compiling stm32f1xx_hal_flash_ex.c...
compiling system_stm32f1xx.c...
compiling ultra_sound.c...
../Modules/Inc/ultra_sound.h(24): warning:  #1-D: last line of file ends without a newline
  #endif
..\Modules\Src\ultra_sound.c: 1 warning, 0 errors
compiling stm32f1xx_hal_exti.c...
compiling schedule.c...
../Modules/Inc/ultra_sound.h(24): warning:  #1-D: last line of file ends without a newline
  #endif
..\Modules\Src\schedule.c(67): warning:  #1-D: last line of file ends without a newline
  	
..\Modules\Src\schedule.c: 2 warnings, 0 errors
linking...
Program Size: Code=6264 RO-data=304 RW-data=16 ZI-data=1720  
FromELF: creating hex file...
"product_class\product_class.axf" - 0 Error(s), 4 Warning(s).
Build Time Elapsed:  00:00:12
